Drill Listing
=============
Drill: .015  Tool: 1  Feed: 95  Speed: 300
X 102850  Y 102850
X 102850  Y 112850
X 112850  Y 102850
X 122850  Y 102850
X 122850  Y 112850
X 122850  Y 122850
X 132850  Y 102850
X 132850  Y 112850
X 132850  Y 122850
X 137000  Y 123000
X 142850  Y 102850
X 142850  Y 112850
X 142850  Y 122850
X 152850  Y 102850
X 152850  Y 112850
X 160204  Y 102850
X 175000  Y 119000
X 190204  Y 102850
X 190204  Y 112850
X 200204  Y 102850
X 210204  Y 102850
X 220204  Y 102850
X 223000  Y 117000
X 226642  Y 112159
X 226642  Y 152159
X 211000  Y 128000
X 209000  Y 131000
X 207000  Y 139000
X 194000  Y 136000
X 180000  Y 137000
X 180000  Y 141000
X 178000  Y 134000
X 174000  Y 135000
X 150000  Y 150000
X 137000  Y 142000
X 132850  Y 132850
X 132850  Y 142850
X 127000  Y 135000
X 116000  Y 129000
X 102850  Y 142850
X 102850  Y 152850
X 102850  Y 162850
X 122850  Y 152850
X 132850  Y 152850
X 142850  Y 152850
X 147000  Y 171000
X 178000  Y 156000
X 182000  Y 156000
X 185000  Y 171500
X 190204  Y 162850
X 218000  Y 157000
X 224000  Y 171000
X 226642  Y 162159
Drill: .0315  Tool: 2  Feed: 197  Speed: 550
X 109000  Y 126188
X 109000  Y 118314
X 109000  Y 110440
X 163125  Y 109000
X 171000  Y 109000
X 178874  Y 109000
X 203125  Y 109000
X 211000  Y 109000
X 218874  Y 109000
X 218874  Y 166000
X 211000  Y 166000
X 203125  Y 166000
X 177874  Y 166000
X 170000  Y 166000
X 162125  Y 166000
X 109000  Y 165559
X 109000  Y 134062
X 109000  Y 149811
X 109000  Y 141937
X 109000  Y 157685
Drill: .125  Tool: 3  Feed: 35  Speed: 794
X 240000  Y 137500
X 265000  Y 112500
X 265000  Y 162500
End of Listing
