Drill Listing
=============
Drill: .015  Tool: 1  Feed: 0  Speed: 0
X 104850  Y 104850
X 124850  Y 104850
X 144850  Y 104850
X 144850  Y 124850
X 164850  Y 104850
X 164850  Y 124850
X 184850  Y 104850
X 184850  Y 124850
X 204850  Y 104850
X 204850  Y 124850
X 224850  Y 104850
X 224850  Y 124850
X 244850  Y 104850
X 244850  Y 124850
X 264850  Y 104850
X 264850  Y 124850
X 284850  Y 104850
X 284850  Y 124850
X 304850  Y 104850
X 304850  Y 124850
X 324850  Y 104850
X 324850  Y 124850
X 344850  Y 104850
X 344850  Y 124850
X 364850  Y 104850
X 364850  Y 124850
X 384850  Y 104850
X 384850  Y 124850
X 404850  Y 104850
X 404850  Y 124850
X 424850  Y 104850
X 424850  Y 124850
X 444850  Y 104850
X 444850  Y 124850
X 437850  Y 139850
X 407850  Y 139850
X 393850  Y 139850
X 387850  Y 139850
X 377850  Y 139850
X 367850  Y 139850
X 357850  Y 139850
X 348000  Y 140000
X 338000  Y 140000
X 328000  Y 140000
X 318000  Y 140000
X 308000  Y 140000
X 297850  Y 139850
X 284850  Y 144850
X 264850  Y 144850
X 244850  Y 144850
X 224850  Y 144850
X 204850  Y 144850
X 184850  Y 144850
X 169500  Y 153000
X 164850  Y 144850
X 144850  Y 144850
X 172500  Y 158000
X 204500  Y 168000
X 212500  Y 173000
X 220500  Y 178000
X 224850  Y 164850
X 244850  Y 164850
X 284850  Y 164850
X 298000  Y 160000
X 308000  Y 160000
X 318000  Y 160000
X 328000  Y 160000
X 338000  Y 160000
X 348439  Y 159850
X 358439  Y 159850
X 368439  Y 159850
X 378439  Y 159850
X 388439  Y 159850
X 394439  Y 159850
X 408439  Y 159850
X 438000  Y 160000
X 438000  Y 180000
X 437000  Y 200000
X 408439  Y 179850
X 408439  Y 199850
X 394439  Y 179850
X 394439  Y 199850
X 388439  Y 179850
X 388439  Y 199850
X 378439  Y 179850
X 378439  Y 199850
X 368439  Y 179850
X 368439  Y 199850
X 358439  Y 199850
X 358439  Y 179850
X 348439  Y 199850
X 348439  Y 179850
X 338439  Y 199850
X 338439  Y 179850
X 328000  Y 200000
X 328000  Y 180000
X 318000  Y 200000
X 318000  Y 180000
X 308000  Y 180000
X 308000  Y 200000
X 298000  Y 200000
X 298000  Y 180000
X 284850  Y 184850
X 244850  Y 184850
X 224850  Y 184850
X 156000  Y 208000
X 156000  Y 218000
X 184850  Y 224850
X 185500  Y 213000
X 199500  Y 213000
X 224850  Y 204850
X 244850  Y 204850
X 244850  Y 224850
X 284850  Y 204850
X 284850  Y 224850
X 298000  Y 210000
X 308000  Y 210000
X 318000  Y 210000
X 328000  Y 210000
X 338439  Y 209850
X 348439  Y 209850
X 358439  Y 209850
X 368439  Y 209850
X 378439  Y 209850
X 388439  Y 209850
X 438000  Y 230000
X 438000  Y 240000
X 437850  Y 252850
X 425000  Y 230000
X 425000  Y 240000
X 424000  Y 253000
X 408000  Y 230000
X 408000  Y 240000
X 407850  Y 252850
X 398000  Y 230000
X 398000  Y 240000
X 388000  Y 230000
X 388000  Y 240000
X 387850  Y 252850
X 378000  Y 240000
X 378000  Y 230000
X 368000  Y 240000
X 368000  Y 230000
X 367850  Y 252850
X 358000  Y 240000
X 358000  Y 230000
X 348000  Y 240000
X 348000  Y 230000
X 347850  Y 252850
X 338000  Y 240000
X 338000  Y 230000
X 337850  Y 252850
X 328000  Y 240000
X 328000  Y 230000
X 318000  Y 230000
X 318000  Y 240000
X 317850  Y 252850
X 308000  Y 230000
X 308000  Y 240000
X 298000  Y 240000
X 298000  Y 230000
X 297850  Y 252850
X 284850  Y 244850
X 201500  Y 238000
X 189500  Y 233000
X 179500  Y 238000
X 175500  Y 233000
X 104850  Y 284850
X 124850  Y 284850
X 144850  Y 284850
X 162000  Y 263000
X 264850  Y 264850
X 264850  Y 284850
X 284850  Y 264850
X 284850  Y 284850
X 297850  Y 267850
X 297850  Y 282850
X 317850  Y 267850
X 317850  Y 282850
X 337850  Y 267850
X 337850  Y 282850
X 342000  Y 292000
X 347850  Y 267850
X 347850  Y 282850
X 367850  Y 267850
X 367850  Y 282850
X 387850  Y 282850
X 387850  Y 267850
X 407850  Y 282850
Drill: .03543  Tool: 2  Feed: 0  Speed: 0
X 161129  Y 282062
X 161129  Y 289937
X 169003  Y 282062
X 169003  Y 289937
X 176877  Y 282062
X 176877  Y 289937
X 184751  Y 282062
X 184751  Y 289937
X 192625  Y 282062
X 192625  Y 289937
X 200500  Y 282062
X 200500  Y 289937
X 208374  Y 282062
X 208374  Y 289937
X 216248  Y 282062
X 216248  Y 289937
X 224122  Y 282062
X 224122  Y 289937
X 231996  Y 282062
X 231996  Y 289937
X 239870  Y 282062
X 239870  Y 289937
Drill: .03937  Tool: 3  Feed: 0  Speed: 0
X 404236  Y 269000
X 433763  Y 269000
Drill: .04  Tool: 4  Feed: 0  Speed: 0
X 117000  Y 123000
X 117000  Y 153000
X 117000  Y 143000
X 117000  Y 133000
X 127000  Y 153000
X 127000  Y 123000
X 127000  Y 143000
X 127000  Y 133000
X 325000  Y 135000
X 325000  Y 145000
X 335000  Y 135000
X 335000  Y 145000
X 365000  Y 145000
X 365000  Y 135000
X 375000  Y 145000
X 375000  Y 135000
X 375000  Y 165000
X 375000  Y 155000
X 375000  Y 175000
X 365000  Y 165000
X 365000  Y 175000
X 365000  Y 155000
X 335000  Y 165000
X 335000  Y 155000
X 335000  Y 175000
X 325000  Y 165000
X 325000  Y 175000
X 325000  Y 155000
X 127000  Y 173000
X 127000  Y 163000
X 117000  Y 173000
X 117000  Y 163000
X 117000  Y 203000
X 117000  Y 193000
X 117000  Y 183000
X 127000  Y 203000
X 127000  Y 193000
X 127000  Y 183000
X 325000  Y 195000
X 325000  Y 185000
X 335000  Y 185000
X 335000  Y 195000
X 365000  Y 195000
X 365000  Y 185000
X 375000  Y 195000
X 375000  Y 185000
X 375000  Y 205000
X 375000  Y 225000
X 375000  Y 215000
X 365000  Y 225000
X 365000  Y 205000
X 365000  Y 215000
X 335000  Y 225000
X 335000  Y 205000
X 335000  Y 215000
X 325000  Y 205000
X 325000  Y 225000
X 325000  Y 215000
X 127000  Y 223000
X 127000  Y 213000
X 117000  Y 223000
X 117000  Y 213000
X 117000  Y 243000
X 117000  Y 233000
X 117000  Y 253000
X 127000  Y 243000
X 127000  Y 233000
X 127000  Y 253000
X 325000  Y 235000
X 325000  Y 245000
X 335000  Y 235000
X 335000  Y 245000
X 365000  Y 235000
X 365000  Y 245000
X 375000  Y 245000
X 375000  Y 235000
X 127000  Y 263000
X 117000  Y 263000
Drill: .06496  Tool: 5  Feed: 0  Speed: 0
X 423000  Y 141000
X 423000  Y 161000
X 423000  Y 181000
X 423000  Y 201000
X 423000  Y 221000
End of Listing
