Drill Listing
=============
Drill: .015  Tool: 1  Feed: 95  Speed: 300
X 125789  Y 119640
X 134500  Y 122500
X 135789  Y 109640
X 147500  Y 108500
X 148000  Y 125500
X 150000  Y 104500
X 152500  Y 111500
X 152500  Y 119500
X 154500  Y 107500
X 155500  Y 122000
X 177000  Y 123000
X 177000  Y 128500
X 180500  Y 112500
X 186500  Y 105000
X 190500  Y 124500
X 198500  Y 128500
X 231000  Y 125500
X 235789  Y 109640
X 245789  Y 109640
X 245789  Y 119640
X 255789  Y 119640
X 255789  Y 109640
X 265789  Y 119640
X 265789  Y 109640
X 275789  Y 109640
X 275789  Y 119640
X 295789  Y 129640
X 295789  Y 139640
X 295789  Y 149640
X 285789  Y 129640
X 285789  Y 139640
X 285789  Y 149640
X 275789  Y 129640
X 275789  Y 139640
X 275789  Y 149640
X 265789  Y 149640
X 255789  Y 139640
X 255789  Y 149640
X 255789  Y 129640
X 235789  Y 139640
X 235789  Y 149640
X 235000  Y 134000
X 233000  Y 143000
X 227500  Y 137000
X 220500  Y 150000
X 218000  Y 138000
X 215500  Y 149500
X 215500  Y 131500
X 206000  Y 138000
X 197000  Y 147000
X 196000  Y 131500
X 195000  Y 139500
X 194500  Y 150000
X 185500  Y 138000
X 179000  Y 138500
X 178000  Y 133500
X 172500  Y 135500
X 169500  Y 141000
X 161500  Y 148500
X 154000  Y 135500
X 153000  Y 146500
X 134000  Y 147000
X 105789  Y 129640
X 105789  Y 169640
X 115789  Y 169640
X 133000  Y 171500
X 133500  Y 159500
X 133500  Y 164500
X 151000  Y 167000
X 152500  Y 159000
X 155000  Y 168000
X 167500  Y 171000
X 177000  Y 162000
X 185789  Y 169640
X 195789  Y 169640
X 198500  Y 155000
X 225789  Y 169640
X 235789  Y 159640
X 235789  Y 169640
X 245789  Y 159640
X 245789  Y 169640
X 255789  Y 159640
X 255789  Y 169640
X 265789  Y 159640
X 265789  Y 169640
X 275789  Y 159640
X 275789  Y 169640

Drill: .0315  Tool: 2  Feed: 197  Speed: 550
X 110500  Y 125688
X 110500  Y 117814
X 110500  Y 109940
X 192688  Y 114000
X 200562  Y 114000
X 208437  Y 114000
X 216311  Y 114000
X 246000  Y 125688
X 246000  Y 133562
X 246000  Y 141437
X 246000  Y 149311
X 213311  Y 164500
X 205437  Y 164500
X 197562  Y 164500
X 189688  Y 164500
X 110500  Y 133562
X 110500  Y 141437
X 110500  Y 157185
X 110500  Y 165059
X 110500  Y 149311

Drill: .125  Tool: 3  Feed: 35  Speed: 794
X 265000  Y 137500
X 290000  Y 112500
X 290000  Y 162500

End of Listing
