Drill Listing
=============
Drill: .035  Tool: 1  Feed: 197  Speed: 550
X 176338  Y 123464
X 176338  Y 114881
X 176338  Y 106299
X 181259  Y 127755
X 181259  Y 119173
X 181259  Y 110590
X 186181  Y 123464
X 186181  Y 106299
X 186181  Y 114881
X 186181  Y 149212
X 186181  Y 140629
X 186181  Y 132047
X 181338  Y 144645
X 181259  Y 153503
X 181259  Y 136377
X 176338  Y 149212
X 176338  Y 140629
X 176338  Y 132047
X 176338  Y 174960
X 176338  Y 157795
X 176338  Y 166377
X 181259  Y 170669
X 181259  Y 162086
X 181259  Y 179251
X 186181  Y 166377
X 186181  Y 174960
X 186181  Y 157795
X 186181  Y 192125
X 186181  Y 183543
X 181259  Y 187834
X 176338  Y 183543
X 176338  Y 192125

End of Listing
