Drill Listing
=============
Drill: .015  Tool: 1  Feed: 95  Speed: 300
X 125850  Y 121139
X 105850  Y 121139
X 105850  Y 141139
X 105850  Y 161139
X 105850  Y 181139
X 105850  Y 201139
X 105850  Y 221139
X 105850  Y 241139
X 105850  Y 261139
X 105850  Y 281139
X 105850  Y 301139
X 128000  Y 315000
X 105850  Y 321139
X 128000  Y 331000
X 105850  Y 341139
X 128000  Y 358000
X 105850  Y 361139
X 112000  Y 370000
X 116000  Y 370000
X 120000  Y 371000
X 124000  Y 372000
X 128000  Y 373000
X 105850  Y 381139
X 165850  Y 381139
X 155000  Y 371000
X 145000  Y 371000
X 135000  Y 371000
X 131000  Y 306000
X 132000  Y 302000
X 176000  Y 302000
X 175000  Y 295000
X 170000  Y 285000
X 174000  Y 285000
X 176000  Y 282000
X 168000  Y 266000
X 156000  Y 249000
X 160000  Y 246000
X 145850  Y 241139
X 176000  Y 203000
X 176000  Y 197000
X 176000  Y 181000
X 168000  Y 172000
X 158000  Y 171000
X 177000  Y 170000
X 158000  Y 159000
X 171000  Y 133000
X 171000  Y 126000
X 166000  Y 125000
X 166000  Y 112000
X 185850  Y 161139
X 192000  Y 162000
X 185000  Y 188000
X 184000  Y 203000
X 185000  Y 219000
X 189000  Y 230000
X 189000  Y 249000
X 185000  Y 263000
X 182000  Y 266000
X 182000  Y 274000
X 205000  Y 282000
X 182000  Y 288000
X 188000  Y 290000
X 205000  Y 330000
X 185850  Y 381139
X 205850  Y 381139
X 209000  Y 333000
X 230000  Y 332000
X 224000  Y 332000
X 211000  Y 330000
X 227000  Y 315000
X 205850  Y 301139
X 223000  Y 300000
X 209000  Y 282000
X 225850  Y 281139
X 228000  Y 276000
X 206000  Y 264000
X 206000  Y 253000
X 205850  Y 241139
X 219000  Y 225000
X 211000  Y 218000
X 218000  Y 208000
X 218000  Y 198000
X 211000  Y 194000
X 218000  Y 188000
X 218000  Y 181000
X 225000  Y 174000
X 208000  Y 126000
X 245850  Y 181139
X 247000  Y 185000
X 241000  Y 191000
X 233000  Y 203000
X 243000  Y 212000
X 245850  Y 221139
X 245850  Y 241139
X 245850  Y 261139
X 234000  Y 279000
X 245850  Y 301139
X 246000  Y 308000
X 231000  Y 308000
X 246000  Y 313000
X 246000  Y 317000
X 250000  Y 321000
X 254000  Y 325000
X 265850  Y 381139
X 268000  Y 360000
X 258000  Y 325000
X 265000  Y 286000
X 265850  Y 261139
X 265000  Y 245000
X 268000  Y 240000
X 274000  Y 235000
X 271000  Y 231000
X 262000  Y 225000
X 263000  Y 192000
X 280000  Y 185000
X 279000  Y 181000
X 267000  Y 122000
X 260000  Y 116000
X 305000  Y 168000
X 302000  Y 171000
X 300000  Y 193000
X 303000  Y 196000
X 285850  Y 201139
X 291000  Y 213000
X 297000  Y 213000
X 297000  Y 217000
X 288000  Y 217000
X 297000  Y 221000
X 285000  Y 221000
X 297000  Y 225000
X 297000  Y 231000
X 297000  Y 235000
X 297000  Y 240000
X 297000  Y 245000
X 293000  Y 258000
X 345850  Y 381139
X 354000  Y 346000
X 325850  Y 341139
X 325850  Y 321139
X 355000  Y 311000
X 305850  Y 301139
X 314000  Y 300000
X 310000  Y 285000
X 314000  Y 274000
X 349000  Y 260000
X 306000  Y 198000
X 333000  Y 169000
X 316000  Y 167000
X 320000  Y 163000
X 324000  Y 157000
X 332000  Y 157000
X 368000  Y 105000
X 365850  Y 121139
X 359000  Y 122000
X 380000  Y 134000
X 376000  Y 134000
X 370000  Y 136000
X 374000  Y 256000
X 369000  Y 261000
X 369000  Y 276000
X 380000  Y 280000
X 376000  Y 286000
X 371000  Y 296000
X 356000  Y 300000
X 363000  Y 302000
X 360000  Y 311000
X 368000  Y 356000
X 430000  Y 370000
X 427000  Y 367000
X 423000  Y 363000
X 420000  Y 360000
X 418000  Y 354000
X 418000  Y 350000
X 418000  Y 346000
X 418000  Y 342000
X 418000  Y 338000
X 426000  Y 334000
X 422000  Y 334000
X 418000  Y 334000
X 430000  Y 334000
X 394000  Y 328000
X 398000  Y 325000
X 405850  Y 321139
X 385850  Y 321139
X 405850  Y 301139
X 383000  Y 293000
X 430000  Y 271000
X 385850  Y 261139
X 406000  Y 261000
X 423000  Y 251000
X 423000  Y 229000
X 426000  Y 223000
X 385850  Y 221139
X 406000  Y 207000
X 385850  Y 201139
X 425850  Y 161139
X 417000  Y 156000
X 425850  Y 141139
X 392000  Y 139000
X 389000  Y 136000
X 386000  Y 133000
X 385850  Y 121139
X 425850  Y 121139
X 445850  Y 121139
X 445850  Y 141139
X 452000  Y 166000
X 446000  Y 186000
X 442000  Y 201000
X 438000  Y 223000
X 445850  Y 241139
X 434000  Y 245000
X 445850  Y 261139
X 445850  Y 281139
X 445850  Y 301139
X 445850  Y 321139
X 434000  Y 334000
X 442000  Y 334000
X 438000  Y 334000
X 445850  Y 341139
X 433000  Y 373000
X 445850  Y 381139
X 465850  Y 381139
X 485850  Y 381139
X 485850  Y 341139
X 465850  Y 321139
X 485850  Y 321139
X 465850  Y 301139
X 485850  Y 301139
X 485850  Y 281139
X 465850  Y 281139
X 465850  Y 261139
X 473000  Y 258000
X 465850  Y 241139
X 465850  Y 221139
X 469000  Y 198000
X 473000  Y 166000
X 498000  Y 156000
X 505850  Y 121139
X 505850  Y 141139
X 524000  Y 166000
X 505850  Y 181139
X 527850  Y 192850
X 517850  Y 192850
X 505850  Y 201139
X 528000  Y 212000
X 518000  Y 212000
X 505850  Y 221139
X 528000  Y 232000
X 518000  Y 232000
X 505850  Y 241139
X 517850  Y 252850
X 528000  Y 253000
X 505850  Y 261139
X 518000  Y 263000
X 528000  Y 263000
X 505850  Y 281139
X 528000  Y 282000
X 518000  Y 282000
X 528000  Y 293000
X 518000  Y 293000
X 505850  Y 301139
X 527850  Y 304850
X 505850  Y 321139
X 527850  Y 334850
X 505850  Y 341139
X 547850  Y 334850
X 547850  Y 304850
X 538000  Y 293000
X 548000  Y 293000
X 538000  Y 282000
X 548000  Y 282000
X 538000  Y 263000
X 548000  Y 263000
X 548000  Y 253000
X 538000  Y 253000
X 538000  Y 232000
X 548000  Y 232000
X 548000  Y 212000
X 538000  Y 212000
X 547850  Y 192850
X 537850  Y 192850
X 545850  Y 161139
X 545000  Y 156000
X 545850  Y 141139
X 565850  Y 121139
X 565850  Y 141139
X 565850  Y 161139
X 577850  Y 192850
X 557850  Y 192850
X 567850  Y 192850
X 578000  Y 212000
X 568000  Y 212000
X 558000  Y 212000
X 578000  Y 232000
X 558000  Y 232000
X 568000  Y 232000
X 578000  Y 253000
X 568000  Y 253000
X 558000  Y 253000
X 558000  Y 263000
X 578000  Y 263000
X 568000  Y 263000
X 568000  Y 282000
X 578000  Y 282000
X 558000  Y 282000
X 558000  Y 293000
X 578000  Y 293000
X 568000  Y 293000
X 567850  Y 304850
X 567850  Y 334850
X 558000  Y 346000
X 558000  Y 370000
X 565850  Y 381139
X 585850  Y 361139
X 587850  Y 334850
X 587850  Y 304850
X 598000  Y 293000
X 588000  Y 293000
X 598000  Y 282000
X 588000  Y 282000
X 598000  Y 263000
X 588000  Y 263000
X 588000  Y 253000
X 598000  Y 253000
X 598000  Y 232000
X 588000  Y 232000
X 598000  Y 212000
X 588000  Y 212000
X 587850  Y 192850
X 597850  Y 192850
X 585850  Y 161139
X 605850  Y 161139
X 625850  Y 161139
X 607850  Y 192850
X 627850  Y 192850
X 607850  Y 211850
X 627850  Y 211850
X 627850  Y 231850
X 608000  Y 232000
X 627850  Y 252850
X 607850  Y 252850
X 608000  Y 263000
X 628000  Y 272000
X 608000  Y 282000
X 608000  Y 293000
X 628000  Y 293000
X 617850  Y 304850
X 617850  Y 334850
X 605850  Y 361139
X 625850  Y 361139
X 605850  Y 381139
X 625850  Y 381139
X 645850  Y 381139
X 645850  Y 361139
X 657850  Y 252850
X 657850  Y 231850
X 658000  Y 212000
X 657850  Y 192850
X 645850  Y 161139
X 645850  Y 141139
X 645850  Y 121139

Drill: .0315  Tool: 2  Feed: 197  Speed: 550
X 112000  Y 136062
X 112000  Y 143937
X 112000  Y 175062
X 112000  Y 182937
X 112000  Y 211251
X 112000  Y 219125
X 112000  Y 227000
X 112000  Y 234874
X 112000  Y 242748
X 112000  Y 271062
X 112000  Y 278937
X 112000  Y 307440
X 112000  Y 315314
X 112000  Y 323188
X 112000  Y 331062
X 112000  Y 338937
X 112000  Y 346811
X 112000  Y 354685
X 112000  Y 362559
X 136188  Y 112000
X 144062  Y 112000
X 151937  Y 112000
X 159811  Y 112000
X 184188  Y 112000
X 192062  Y 112000
X 199937  Y 112000
X 207811  Y 112000
X 232188  Y 112000
X 240062  Y 112000
X 247937  Y 112000
X 255811  Y 112000
X 213000  Y 380062
X 243000  Y 380062
X 213000  Y 387937
X 243000  Y 387937
X 273000  Y 387937
X 303000  Y 387937
X 303000  Y 380062
X 273000  Y 380062
X 384314  Y 112000
X 392188  Y 112000
X 400062  Y 112000
X 333000  Y 380062
X 363000  Y 380062
X 393000  Y 380062
X 333000  Y 387937
X 393000  Y 387937
X 363000  Y 387937
X 423000  Y 387937
X 423000  Y 380062
X 423685  Y 112000
X 407937  Y 112000
X 415811  Y 112000
X 448314  Y 112000
X 456188  Y 112000
X 464062  Y 112000
X 471937  Y 112000
X 479811  Y 112000
X 487685  Y 112000
X 502440  Y 393000
X 518188  Y 393000
X 510314  Y 393000
X 526062  Y 393000
X 549685  Y 393000
X 541811  Y 393000
X 533937  Y 393000
X 512314  Y 112000
X 520188  Y 112000
X 528062  Y 112000
X 535937  Y 112000
X 543811  Y 112000
X 551685  Y 112000
X 576440  Y 112000
X 600062  Y 112000
X 584314  Y 112000
X 592188  Y 112000
X 583251  Y 393000
X 557559  Y 393000
X 599000  Y 393000
X 591125  Y 393000
X 614748  Y 393000
X 606874  Y 393000
X 615811  Y 112000
X 623685  Y 112000
X 607937  Y 112000
X 631559  Y 112000

Drill: .035  Tool: 3  Feed: 197  Speed: 550
X 150000  Y 142500
X 140000  Y 142500
X 150000  Y 152500
X 140000  Y 152500
X 150000  Y 162500
X 140000  Y 162500
X 150000  Y 172500
X 140000  Y 172500
X 150000  Y 182500
X 140000  Y 182500
X 150000  Y 192500
X 140000  Y 192500
X 150000  Y 202500
X 140000  Y 202500
X 150000  Y 212500
X 140000  Y 212500
X 150000  Y 222500
X 140000  Y 222500
X 150000  Y 232500
X 140000  Y 232500
X 150000  Y 262500
X 140000  Y 262500
X 150000  Y 272500
X 140000  Y 272500
X 150000  Y 282500
X 140000  Y 282500
X 150000  Y 292500
X 140000  Y 292500
X 150000  Y 302500
X 140000  Y 302500
X 150000  Y 312500
X 140000  Y 312500
X 150000  Y 322500
X 140000  Y 322500
X 150000  Y 332500
X 140000  Y 332500
X 150000  Y 342500
X 140000  Y 342500
X 150000  Y 352500
X 140000  Y 352500
X 160000  Y 352500
X 230000  Y 352500
X 220000  Y 352500
X 210000  Y 352500
X 230000  Y 342500
X 220000  Y 342500
X 210000  Y 342500
X 160000  Y 302500
X 160000  Y 232500
X 160000  Y 182500
X 210000  Y 162500
X 220000  Y 152500
X 210000  Y 152500
X 230000  Y 152500
X 230000  Y 142500
X 210000  Y 142500
X 220000  Y 142500
X 250000  Y 142500
X 240000  Y 142500
X 280000  Y 142500
X 270000  Y 142500
X 260000  Y 142500
X 280000  Y 152500
X 250000  Y 152500
X 270000  Y 152500
X 260000  Y 152500
X 240000  Y 152500
X 260000  Y 162500
X 250000  Y 332500
X 240000  Y 342500
X 250000  Y 342500
X 270000  Y 342500
X 260000  Y 342500
X 280000  Y 342500
X 240000  Y 352500
X 260000  Y 352500
X 280000  Y 352500
X 270000  Y 352500
X 250000  Y 352500
X 290000  Y 352500
X 300000  Y 352500
X 300000  Y 342500
X 290000  Y 342500
X 300000  Y 332500
X 300000  Y 187500
X 300000  Y 177500
X 300000  Y 152500
X 290000  Y 152500
X 300000  Y 142500
X 290000  Y 142500

Drill: .03543  Tool: 4  Feed: 197  Speed: 550
X 280629  Y 109062
X 280629  Y 116937
X 304251  Y 116937
X 296377  Y 116937
X 288503  Y 116937
X 327874  Y 116937
X 320000  Y 116937
X 312125  Y 116937
X 296377  Y 109062
X 327874  Y 109062
X 304251  Y 109062
X 320000  Y 109062
X 288503  Y 109062
X 312125  Y 109062
X 351496  Y 109062
X 343622  Y 109062
X 335748  Y 109062
X 359370  Y 109062
X 335748  Y 116937
X 343622  Y 116937
X 359370  Y 116937
X 351496  Y 116937

Drill: .03937  Tool: 5  Feed: 197  Speed: 550
X 616236  Y 327000
X 645763  Y 327000

Drill: .04  Tool: 6  Feed: 139  Speed: 550
X 332000  Y 175500
X 342000  Y 175500
X 332000  Y 185500
X 342000  Y 185500
X 332000  Y 195500
X 342000  Y 195500
X 342000  Y 205500
X 332000  Y 205500
X 342000  Y 215500
X 332000  Y 215500
X 332000  Y 225500
X 342000  Y 225500
X 332000  Y 235500
X 342000  Y 235500
X 332000  Y 245500
X 342000  Y 245500
X 332000  Y 255500
X 342000  Y 255500
X 332000  Y 265500
X 342000  Y 265500
X 332000  Y 275500
X 342000  Y 275500
X 332000  Y 285500
X 342000  Y 285500
X 332000  Y 295500
X 342000  Y 295500
X 332000  Y 305500
X 342000  Y 305500
X 342000  Y 315500
X 332000  Y 315500
X 550000  Y 297500
X 540000  Y 297500
X 540000  Y 287500
X 550000  Y 287500
X 540000  Y 277500
X 550000  Y 277500
X 540000  Y 267500
X 550000  Y 267500
X 540000  Y 257500
X 550000  Y 257500
X 540000  Y 247500
X 550000  Y 247500
X 540000  Y 237500
X 550000  Y 237500
X 540000  Y 227500
X 550000  Y 227500
X 540000  Y 217500
X 550000  Y 217500
X 540000  Y 207500
X 550000  Y 207500
X 540000  Y 197500
X 550000  Y 197500
X 540000  Y 187500
X 550000  Y 187500
X 580000  Y 187500
X 580000  Y 197500
X 580000  Y 207500
X 580000  Y 217500
X 580000  Y 227500
X 580000  Y 237500
X 580000  Y 247500
X 580000  Y 257500
X 580000  Y 267500
X 580000  Y 277500
X 580000  Y 287500
X 580000  Y 297500
X 590000  Y 297500
X 590000  Y 287500
X 590000  Y 277500
X 590000  Y 267500
X 590000  Y 257500
X 590000  Y 247500
X 590000  Y 237500
X 590000  Y 227500
X 590000  Y 217500
X 590000  Y 207500
X 590000  Y 197500
X 590000  Y 187500

Drill: .06496  Tool: 7  Feed: 89  Speed: 550
X 643000  Y 193000
X 643000  Y 213000
X 643000  Y 233000
X 643000  Y 253000
X 643000  Y 273000

Drill: .125  Tool: 8  Feed: 35  Speed: 794
X 110000  Y 110000
X 190000  Y 147500
X 190000  Y 347500
X 110000  Y 395000
X 465000  Y 347500
X 465000  Y 147500
X 660000  Y 110000
X 660000  Y 395000

End of Listing
