Drill Listing
=============
Drill: .02  Tool: 1  Feed: 197  Speed: 550
X 168000  Y 166000
X 159000  Y 172000
X 168000  Y 172000
X 154000  Y 175000
X 144000  Y 244000
X 139000  Y 244000
X 169000  Y 244000
X 159000  Y 244000
X 154000  Y 244000
X 164000  Y 244000
X 149000  Y 244000
X 174000  Y 244000
X 179000  Y 244000
X 189000  Y 244000
X 184000  Y 244000
X 194000  Y 244000
X 204000  Y 244000
X 199000  Y 244000
X 209000  Y 244000
X 219000  Y 244000
X 214000  Y 244000
X 194000  Y 168000
X 186000  Y 168000
X 190000  Y 168000
X 198000  Y 168000
X 202000  Y 168000
X 206000  Y 168000
X 218000  Y 168000
X 194000  Y 141000
X 190000  Y 140000
X 186000  Y 139000
X 229000  Y 160000
X 222000  Y 163000
X 226000  Y 168000
X 222000  Y 168000
X 233000  Y 168000
X 233000  Y 172000
X 224000  Y 244000
X 443000  Y 332000
X 438000  Y 328000
X 438000  Y 319000
X 396000  Y 278000
X 483000  Y 275000
X 503000  Y 283000
X 499000  Y 283000
X 483000  Y 289000
X 483000  Y 303000
X 483000  Y 317000
X 503000  Y 324000
X 483000  Y 331000
X 503000  Y 337000

Drill: .0315  Tool: 2  Feed: 197  Speed: 550
X 166000  Y 147000
X 158125  Y 147000
X 150251  Y 147000
X 181748  Y 147000
X 173874  Y 147000
X 169377  Y 341000
X 193000  Y 341000
X 185125  Y 341000
X 177251  Y 341000
X 255062  Y 346000
X 262937  Y 346000
X 216622  Y 341000
X 208748  Y 341000
X 200874  Y 341000
X 205251  Y 147000
X 228874  Y 147000
X 236748  Y 147000
X 268125  Y 147000
X 260251  Y 147000
X 221000  Y 147000
X 213125  Y 147000
X 283874  Y 147000
X 276000  Y 147000
X 291748  Y 147000
X 315251  Y 147000
X 331000  Y 147000
X 323125  Y 147000
X 338874  Y 147000
X 317125  Y 342000
X 309251  Y 342000
X 301377  Y 342000
X 340748  Y 342000
X 332874  Y 342000
X 325000  Y 342000
X 384062  Y 346000
X 391937  Y 346000
X 348622  Y 342000
X 376000  Y 290811
X 376000  Y 282937
X 376000  Y 275062
X 376000  Y 267188
X 379125  Y 147000
X 387000  Y 147000
X 394874  Y 147000
X 346748  Y 147000
X 371251  Y 147000
X 402748  Y 147000
X 443000  Y 147000
X 435125  Y 147000
X 427251  Y 147000
X 416062  Y 254000
X 423937  Y 254000
X 416062  Y 283000
X 423937  Y 283000
X 416062  Y 312000
X 423937  Y 312000
X 435251  Y 342000
X 443125  Y 342000
X 427377  Y 342000
X 458874  Y 342000
X 451000  Y 342000
X 466748  Y 342000
X 474622  Y 342000
X 492062  Y 258000
X 499937  Y 258000
X 492062  Y 226000
X 499937  Y 226000
X 458748  Y 147000
X 450874  Y 147000

Drill: .037  Tool: 3  Feed: 197  Speed: 550
X 163000  Y 361000
X 193000  Y 361000
X 183000  Y 361000
X 173000  Y 361000
X 203000  Y 361000
X 213000  Y 361000
X 295000  Y 362000
X 315000  Y 362000
X 305000  Y 362000
X 325000  Y 362000
X 345000  Y 362000
X 335000  Y 362000
X 223000  Y 361000
X 355000  Y 362000
X 421000  Y 362000
X 441000  Y 362000
X 431000  Y 362000
X 451000  Y 362000
X 471000  Y 362000
X 461000  Y 362000
X 481000  Y 362000

Drill: .04016  Tool: 4  Feed: 139  Speed: 550
X 496000  Y 152000
X 496000  Y 162000

Drill: .045  Tool: 5  Feed: 139  Speed: 550
X 310000  Y 231000
X 320000  Y 231000
X 330000  Y 231000
X 340000  Y 231000

Drill: .057  Tool: 6  Feed: 107  Speed: 550
X 219300  Y 264000
X 241000  Y 264000
X 219300  Y 316000
X 241000  Y 316000

Drill: .06  Tool: 7  Feed: 89  Speed: 550
X 331000  Y 192000
X 331000  Y 212000
X 259000  Y 252000
X 279000  Y 252000

Drill: .1  Tool: 8  Feed: 69  Speed: 658
X 325000  Y 276000

Drill: .118  Tool: 9  Feed: 69  Speed: 658
X 239200  Y 245500
X 239200  Y 282500
X 239200  Y 297500
X 239200  Y 334500

Drill: .15  Tool: 10  Feed: 35  Speed: 900
X 269000  Y 202000
X 381000  Y 202000

Drill: .166  Tool: 11  Feed: 35  Speed: 1033
X 121500  Y 121500
X 121500  Y 528500
X 528500  Y 528500
X 528500  Y 121500

End of Listing
