Drill Listing
=============
Drill: .035  Tool: 1  Feed: 197  Speed: 550
X 146259  Y 189566
X 146259  Y 179724
X 146259  Y 169881
X 156102  Y 189566
X 156102  Y 179724
X 156102  Y 169881
X 165944  Y 189566
X 165944  Y 179724
X 165944  Y 169881
X 175787  Y 189566
X 175787  Y 179724
X 175787  Y 169881
X 185629  Y 189566
X 185629  Y 179724
X 185629  Y 169881
X 195472  Y 189566
X 195472  Y 179724
X 195472  Y 169881

Drill: .09449  Tool: 2  Feed: 66  Speed: 550
X 115748  Y 115748
X 115748  Y 151181
X 198425  Y 214173
X 143307  Y 214173

End of Listing
